e:\12-myopensourceproject\01-papertablerecognition\02-软件设计\软件设计\ptocr\ptocr\debug\ptocr.pch
e:\12-myopensourceproject\01-papertablerecognition\02-软件设计\软件设计\ptocr\ptocr\debug\vc120.pdb
e:\12-myopensourceproject\01-papertablerecognition\02-软件设计\软件设计\ptocr\ptocr\debug\vc120.idb
e:\12-myopensourceproject\01-papertablerecognition\02-软件设计\软件设计\ptocr\ptocr\debug\stdafx.obj
e:\12-myopensourceproject\01-papertablerecognition\02-软件设计\软件设计\ptocr\ptocr\debug\excelopera.obj
e:\12-myopensourceproject\01-papertablerecognition\02-软件设计\软件设计\ptocr\ptocr\debug\fileopera.obj
e:\12-myopensourceproject\01-papertablerecognition\02-软件设计\软件设计\ptocr\ptocr\debug\processimage.obj
e:\12-myopensourceproject\01-papertablerecognition\02-软件设计\软件设计\ptocr\ptocr\debug\ptocr.obj
e:\12-myopensourceproject\01-papertablerecognition\02-软件设计\软件设计\ptocr\ptocr\debug\ptocrdlg.obj
e:\12-myopensourceproject\01-papertablerecognition\02-软件设计\软件设计\ptocr\ptocr\debug\readxml.obj
e:\12-myopensourceproject\01-papertablerecognition\02-软件设计\软件设计\ptocr\ptocr\debug\recognizebar.obj
e:\12-myopensourceproject\01-papertablerecognition\02-软件设计\软件设计\ptocr\ptocr\debug\tinyxml.obj
e:\12-myopensourceproject\01-papertablerecognition\02-软件设计\软件设计\ptocr\ptocr\debug\tinystr.obj
e:\12-myopensourceproject\01-papertablerecognition\02-软件设计\软件设计\ptocr\ptocr\debug\ptocr.res
e:\12-myopensourceproject\01-papertablerecognition\02-软件设计\软件设计\ptocr\debug\ptocr.pdb
e:\12-myopensourceproject\01-papertablerecognition\02-软件设计\软件设计\ptocr\ptocr\debug\ptocr.tlog\cl.command.1.tlog
e:\12-myopensourceproject\01-papertablerecognition\02-软件设计\软件设计\ptocr\ptocr\debug\ptocr.tlog\cl.read.1.tlog
e:\12-myopensourceproject\01-papertablerecognition\02-软件设计\软件设计\ptocr\ptocr\debug\ptocr.tlog\cl.write.1.tlog
e:\12-myopensourceproject\01-papertablerecognition\02-软件设计\软件设计\ptocr\ptocr\debug\ptocr.tlog\link-cvtres.read.1.tlog
e:\12-myopensourceproject\01-papertablerecognition\02-软件设计\软件设计\ptocr\ptocr\debug\ptocr.tlog\link-cvtres.write.1.tlog
e:\12-myopensourceproject\01-papertablerecognition\02-软件设计\软件设计\ptocr\ptocr\debug\ptocr.tlog\link-mt.read.1.tlog
e:\12-myopensourceproject\01-papertablerecognition\02-软件设计\软件设计\ptocr\ptocr\debug\ptocr.tlog\link-mt.write.1.tlog
e:\12-myopensourceproject\01-papertablerecognition\02-软件设计\软件设计\ptocr\ptocr\debug\ptocr.tlog\link-rc.read.1.tlog
e:\12-myopensourceproject\01-papertablerecognition\02-软件设计\软件设计\ptocr\ptocr\debug\ptocr.tlog\link-rc.write.1.tlog
e:\12-myopensourceproject\01-papertablerecognition\02-软件设计\软件设计\ptocr\ptocr\debug\ptocr.tlog\link.command.1.tlog
e:\12-myopensourceproject\01-papertablerecognition\02-软件设计\软件设计\ptocr\ptocr\debug\ptocr.tlog\link.read.1.tlog
e:\12-myopensourceproject\01-papertablerecognition\02-软件设计\软件设计\ptocr\ptocr\debug\ptocr.tlog\link.write.1.tlog
e:\12-myopensourceproject\01-papertablerecognition\02-软件设计\软件设计\ptocr\ptocr\debug\ptocr.tlog\rc.command.1.tlog
e:\12-myopensourceproject\01-papertablerecognition\02-软件设计\软件设计\ptocr\ptocr\debug\ptocr.tlog\rc.read.1.tlog
e:\12-myopensourceproject\01-papertablerecognition\02-软件设计\软件设计\ptocr\ptocr\debug\ptocr.tlog\rc.write.1.tlog
