c:\users\administrator\desktop\tinyxml\debugtinyxml\tinyxml.bsc
c:\users\administrator\desktop\tinyxml\debugtinyxml\vc120.pdb
c:\users\administrator\desktop\tinyxml\debugtinyxml\vc120.idb
c:\users\administrator\desktop\tinyxml\debugtinyxml\tinyxmlparser.sbr
c:\users\administrator\desktop\tinyxml\debugtinyxml\tinyxmlerror.sbr
c:\users\administrator\desktop\tinyxml\debugtinyxml\tinyxml.sbr
c:\users\administrator\desktop\tinyxml\debugtinyxml\tinystr.sbr
c:\users\administrator\desktop\tinyxml\debugtinyxml\tinystr.obj
c:\users\administrator\desktop\tinyxml\debugtinyxml\tinyxml.obj
c:\users\administrator\desktop\tinyxml\debugtinyxml\tinyxmlerror.obj
c:\users\administrator\desktop\tinyxml\debugtinyxml\tinyxmlparser.obj
c:\users\administrator\desktop\tinyxml\debugtinyxml\tinyxml.lib
e:\12-myopensourceproject\01-papertablerecognition\02-软件设计\方案验证\_xml\tinyxml\debugtinyxml\tinystr.obj
e:\12-myopensourceproject\01-papertablerecognition\02-软件设计\方案验证\_xml\tinyxml\debugtinyxml\tinyxml.obj
e:\12-myopensourceproject\01-papertablerecognition\02-软件设计\方案验证\_xml\tinyxml\debugtinyxml\tinyxmlerror.obj
e:\12-myopensourceproject\01-papertablerecognition\02-软件设计\方案验证\_xml\tinyxml\debugtinyxml\tinyxmlparser.obj
e:\12-myopensourceproject\01-papertablerecognition\02-软件设计\方案验证\_xml\tinyxml\debugtinyxml\vc120.idb
e:\12-myopensourceproject\01-papertablerecognition\02-软件设计\方案验证\_xml\tinyxml\debugtinyxml\vc120.pdb
e:\12-myopensourceproject\01-papertablerecognition\02-软件设计\方案验证\_xml\tinyxml\debugtinyxml\tinyxml.bsc
e:\12-myopensourceproject\01-papertablerecognition\02-软件设计\方案验证\_xml\tinyxml\debugtinyxml\tinystr.sbr
e:\12-myopensourceproject\01-papertablerecognition\02-软件设计\方案验证\_xml\tinyxml\debugtinyxml\tinyxml.sbr
e:\12-myopensourceproject\01-papertablerecognition\02-软件设计\方案验证\_xml\tinyxml\debugtinyxml\tinyxmlerror.sbr
e:\12-myopensourceproject\01-papertablerecognition\02-软件设计\方案验证\_xml\tinyxml\debugtinyxml\tinyxmlparser.sbr
e:\12-myopensourceproject\01-papertablerecognition\02-软件设计\方案验证\_xml\tinyxml\debugtinyxml\tinyxml.lib
e:\12-myopensourceproject\01-papertablerecognition\02-软件设计\方案验证\_xml\tinyxml\debugtinyxml\tinyxml.tlog\bscmake.command.1.tlog
e:\12-myopensourceproject\01-papertablerecognition\02-软件设计\方案验证\_xml\tinyxml\debugtinyxml\tinyxml.tlog\bscmake.read.1.tlog
e:\12-myopensourceproject\01-papertablerecognition\02-软件设计\方案验证\_xml\tinyxml\debugtinyxml\tinyxml.tlog\bscmake.write.1.tlog
e:\12-myopensourceproject\01-papertablerecognition\02-软件设计\方案验证\_xml\tinyxml\debugtinyxml\tinyxml.tlog\cl.command.1.tlog
e:\12-myopensourceproject\01-papertablerecognition\02-软件设计\方案验证\_xml\tinyxml\debugtinyxml\tinyxml.tlog\cl.read.1.tlog
e:\12-myopensourceproject\01-papertablerecognition\02-软件设计\方案验证\_xml\tinyxml\debugtinyxml\tinyxml.tlog\cl.write.1.tlog
e:\12-myopensourceproject\01-papertablerecognition\02-软件设计\方案验证\_xml\tinyxml\debugtinyxml\tinyxml.tlog\lib-link.read.1.tlog
e:\12-myopensourceproject\01-papertablerecognition\02-软件设计\方案验证\_xml\tinyxml\debugtinyxml\tinyxml.tlog\lib-link.write.1.tlog
e:\12-myopensourceproject\01-papertablerecognition\02-软件设计\方案验证\_xml\tinyxml\debugtinyxml\tinyxml.tlog\lib.command.1.tlog
