c:\users\administrator\desktop\tinyxml\debugtinyxmlstl\tinyxmlstl.bsc
c:\users\administrator\desktop\tinyxml\debugtinyxmlstl\vc120.pdb
c:\users\administrator\desktop\tinyxml\debugtinyxmlstl\vc120.idb
c:\users\administrator\desktop\tinyxml\debugtinyxmlstl\tinyxmlparser.sbr
c:\users\administrator\desktop\tinyxml\debugtinyxmlstl\tinyxmlerror.sbr
c:\users\administrator\desktop\tinyxml\debugtinyxmlstl\tinyxml.sbr
c:\users\administrator\desktop\tinyxml\debugtinyxmlstl\tinystr.sbr
c:\users\administrator\desktop\tinyxml\debugtinyxmlstl\tinystr.obj
c:\users\administrator\desktop\tinyxml\debugtinyxmlstl\tinyxml.obj
c:\users\administrator\desktop\tinyxml\debugtinyxmlstl\tinyxmlerror.obj
c:\users\administrator\desktop\tinyxml\debugtinyxmlstl\tinyxmlparser.obj
c:\users\administrator\desktop\tinyxml\debugtinyxmlstl\tinyxmlstl.lib
e:\12-myopensourceproject\01-papertablerecognition\02-软件设计\方案验证\_xml\tinyxml\debugtinyxmlstl\tinystr.obj
e:\12-myopensourceproject\01-papertablerecognition\02-软件设计\方案验证\_xml\tinyxml\debugtinyxmlstl\tinyxml.obj
e:\12-myopensourceproject\01-papertablerecognition\02-软件设计\方案验证\_xml\tinyxml\debugtinyxmlstl\tinyxmlerror.obj
e:\12-myopensourceproject\01-papertablerecognition\02-软件设计\方案验证\_xml\tinyxml\debugtinyxmlstl\tinyxmlparser.obj
e:\12-myopensourceproject\01-papertablerecognition\02-软件设计\方案验证\_xml\tinyxml\debugtinyxmlstl\vc120.idb
e:\12-myopensourceproject\01-papertablerecognition\02-软件设计\方案验证\_xml\tinyxml\debugtinyxmlstl\vc120.pdb
e:\12-myopensourceproject\01-papertablerecognition\02-软件设计\方案验证\_xml\tinyxml\debugtinyxmlstl\tinyxmlstl.bsc
e:\12-myopensourceproject\01-papertablerecognition\02-软件设计\方案验证\_xml\tinyxml\debugtinyxmlstl\tinystr.sbr
e:\12-myopensourceproject\01-papertablerecognition\02-软件设计\方案验证\_xml\tinyxml\debugtinyxmlstl\tinyxml.sbr
e:\12-myopensourceproject\01-papertablerecognition\02-软件设计\方案验证\_xml\tinyxml\debugtinyxmlstl\tinyxmlerror.sbr
e:\12-myopensourceproject\01-papertablerecognition\02-软件设计\方案验证\_xml\tinyxml\debugtinyxmlstl\tinyxmlparser.sbr
e:\12-myopensourceproject\01-papertablerecognition\02-软件设计\方案验证\_xml\tinyxml\debugtinyxmlstl\tinyxmlstl.lib
e:\12-myopensourceproject\01-papertablerecognition\02-软件设计\方案验证\_xml\tinyxml\debugtinyxmlstl\tinyxmlstl.tlog\bscmake.command.1.tlog
e:\12-myopensourceproject\01-papertablerecognition\02-软件设计\方案验证\_xml\tinyxml\debugtinyxmlstl\tinyxmlstl.tlog\bscmake.read.1.tlog
e:\12-myopensourceproject\01-papertablerecognition\02-软件设计\方案验证\_xml\tinyxml\debugtinyxmlstl\tinyxmlstl.tlog\bscmake.write.1.tlog
e:\12-myopensourceproject\01-papertablerecognition\02-软件设计\方案验证\_xml\tinyxml\debugtinyxmlstl\tinyxmlstl.tlog\cl.command.1.tlog
e:\12-myopensourceproject\01-papertablerecognition\02-软件设计\方案验证\_xml\tinyxml\debugtinyxmlstl\tinyxmlstl.tlog\cl.read.1.tlog
e:\12-myopensourceproject\01-papertablerecognition\02-软件设计\方案验证\_xml\tinyxml\debugtinyxmlstl\tinyxmlstl.tlog\cl.write.1.tlog
e:\12-myopensourceproject\01-papertablerecognition\02-软件设计\方案验证\_xml\tinyxml\debugtinyxmlstl\tinyxmlstl.tlog\lib-link.read.1.tlog
e:\12-myopensourceproject\01-papertablerecognition\02-软件设计\方案验证\_xml\tinyxml\debugtinyxmlstl\tinyxmlstl.tlog\lib-link.write.1.tlog
e:\12-myopensourceproject\01-papertablerecognition\02-软件设计\方案验证\_xml\tinyxml\debugtinyxmlstl\tinyxmlstl.tlog\lib.command.1.tlog
